<?xml version="1.0" encoding="UTF-8"?>
<!-- Generated by org.testng.reporters.JUnitReportReporter -->
<testsuite hostname="Brajesh" failures="0" tests="4" name="Bizportals.TestCases.WebPartsTestCases.TestBizportalsHeadliner" time="188.204" errors="0" timestamp="2024-03-28T23:26:07 IST" skipped="0">
  <testcase classname="Bizportals.TestCases.WebPartsTestCases.TestBizportalsHeadliner" name="editEntry" time="42.856"/>
  <testcase classname="Bizportals.TestCases.WebPartsTestCases.TestBizportalsHeadliner" name="createNewEntry" time="58.375"/>
  <testcase classname="Bizportals.TestCases.WebPartsTestCases.TestBizportalsHeadliner" name="deleteEntry" time="45.458"/>
  <testcase classname="Bizportals.TestCases.WebPartsTestCases.TestBizportalsHeadliner" name="editEntryViewForm" time="41.515"/>
</testsuite> <!-- Bizportals.TestCases.WebPartsTestCases.TestBizportalsHeadliner -->
